example	
200
Wed Aug  3 00:09:43 2022

polemica do twitter	
;; ->>HEADER<<- opcode: QUERY, status: NOERROR, id: 13173
;; WARNING: recursion requested but not available

;; QUESTION SECTION:
;twitter.com.			IN	A

;; ANSWER SECTION:

;; Query time: 10 msec
;; SERVER: 172.19.0.1#53(172.19.0.1)
example	
200
Wed Aug  3 00:15:07 2022

PING instagram.com (31.13.74.174) 56(84) bytes of data.

--- instagram.com ping statistics ---
1 packets transmitted, 0 received, 100% packet loss, time 0ms

polemica do twitter	
;; ->>HEADER<<- opcode: QUERY, status: NOERROR, id: 51469
;; WARNING: recursion requested but not available

;; QUESTION SECTION:
;twitter.com.			IN	A

;; ANSWER SECTION:

;; Query time: 0 msec
;; SERVER: 172.19.0.1#53(172.19.0.1)
example	
200
Wed Aug  3 00:15:41 2022

polemica do twitter	
;; ->>HEADER<<- opcode: QUERY, status: NOERROR, id: 30405
;; WARNING: recursion requested but not available

;; QUESTION SECTION:
;twitter.com.			IN	A

;; ANSWER SECTION:

;; Query time: 0 msec
;; SERVER: 172.19.0.1#53(172.19.0.1)
PING instagram.com (31.13.74.174) 56(84) bytes of data.

--- instagram.com ping statistics ---
1 packets transmitted, 0 received, 100% packet loss, time 0ms

polemica do twitter	
;; ->>HEADER<<- opcode: QUERY, status: NOERROR, id: 17350
;; WARNING: recursion requested but not available

;; QUESTION SECTION:
;twitter.com.			IN	A

;; ANSWER SECTION:

;; Query time: 0 msec
;; SERVER: 172.19.0.1#53(172.19.0.1)
example	
200
Wed Aug  3 00:16:08 2022

PING instagram.com (31.13.74.174) 56(84) bytes of data.
64 bytes from instagram-p42-shv-01-gig2.fbcdn.net (31.13.74.174): icmp_seq=1 ttl=54 time=16.4 ms

--- instagram.com ping statistics ---
1 packets transmitted, 1 received, 0% packet loss, time 0ms
polemica do twitter	
;; ->>HEADER<<- opcode: QUERY, status: NOERROR, id: 10620
;; WARNING: recursion requested but not available

;; QUESTION SECTION:
;twitter.com.			IN	A

;; ANSWER SECTION:

;; Query time: 0 msec
;; SERVER: 172.19.0.1#53(172.19.0.1)
example	
200
Wed Aug  3 00:16:45 2022

polemica do twitter	
;; ->>HEADER<<- opcode: QUERY, status: NOERROR, id: 47464
;; WARNING: recursion requested but not available

;; QUESTION SECTION:
;twitter.com.			IN	A

;; ANSWER SECTION:

;; Query time: 0 msec
;; SERVER: 172.19.0.1#53(172.19.0.1)
PING instagram.com (31.13.74.174) 56(84) bytes of data.
64 bytes from instagram-p42-shv-01-gig2.fbcdn.net (31.13.74.174): icmp_seq=1 ttl=54 time=16.3 ms

--- instagram.com ping statistics ---
1 packets transmitted, 1 received, 0% packet loss, time 0ms
example	
200
Wed Aug  3 00:17:15 2022

polemica do twitter	
;; ->>HEADER<<- opcode: QUERY, status: NOERROR, id: 30685
;; WARNING: recursion requested but not available

;; QUESTION SECTION:
;twitter.com.			IN	A

;; ANSWER SECTION:

;; Query time: 10 msec
;; SERVER: 172.19.0.1#53(172.19.0.1)
PING instagram.com (31.13.74.174) 56(84) bytes of data.
64 bytes from instagram-p42-shv-01-gig2.fbcdn.net (31.13.74.174): icmp_seq=1 ttl=54 time=14.9 ms

--- instagram.com ping statistics ---
1 packets transmitted, 1 received, 0% packet loss, time 0ms
polemica do twitter	
;; ->>HEADER<<- opcode: QUERY, status: NOERROR, id: 17825
;; WARNING: recursion requested but not available

;; QUESTION SECTION:
;twitter.com.			IN	A

;; ANSWER SECTION:

;; Query time: 0 msec
;; SERVER: 172.19.0.1#53(172.19.0.1)
example	
200
Wed Aug  3 00:17:45 2022

PING instagram.com (31.13.74.174) 56(84) bytes of data.

--- instagram.com ping statistics ---
1 packets transmitted, 0 received, 100% packet loss, time 0ms

polemica do twitter	
;; ->>HEADER<<- opcode: QUERY, status: NOERROR, id: 53900
;; WARNING: recursion requested but not available

;; QUESTION SECTION:
;twitter.com.			IN	A

;; ANSWER SECTION:

;; Query time: 0 msec
;; SERVER: 172.19.0.1#53(172.19.0.1)
example	
200
Wed Aug  3 00:18:39 2022

PING instagram.com (31.13.74.174) 56(84) bytes of data.
64 bytes from instagram-p42-shv-01-gig2.fbcdn.net (31.13.74.174): icmp_seq=1 ttl=54 time=16.7 ms

--- instagram.com ping statistics ---
1 packets transmitted, 1 received, 0% packet loss, time 0ms
polemica do twitter	
;; ->>HEADER<<- opcode: QUERY, status: NOERROR, id: 33670
;; WARNING: recursion requested but not available

;; QUESTION SECTION:
;twitter.com.			IN	A

;; ANSWER SECTION:

;; Query time: 0 msec
;; SERVER: 172.19.0.1#53(172.19.0.1)
polemica do twitter	
;; ->>HEADER<<- opcode: QUERY, status: NOERROR, id: 60379
;; WARNING: recursion requested but not available

;; QUESTION SECTION:
;twitter.com.			IN	A

;; ANSWER SECTION:

;; Query time: 0 msec
;; SERVER: 172.19.0.1#53(172.19.0.1)
PING instagram.com (31.13.74.174) 56(84) bytes of data.
64 bytes from instagram-p42-shv-01-gig2.fbcdn.net (31.13.74.174): icmp_seq=1 ttl=54 time=14.4 ms

--- instagram.com ping statistics ---
1 packets transmitted, 1 received, 0% packet loss, time 0ms
example	
200
Wed Aug  3 00:19:10 2022

polemica do twitter	
;; ->>HEADER<<- opcode: QUERY, status: NOERROR, id: 15266
;; WARNING: recursion requested but not available

;; QUESTION SECTION:
;twitter.com.			IN	A

;; ANSWER SECTION:

;; Query time: 10 msec
;; SERVER: 172.19.0.1#53(172.19.0.1)
